<?xml version="1.0" encoding="UTF-8"?>
<!-- Generated by org.testng.reporters.JUnitReportReporter -->
<testsuite hostname="Navpreet" failures="0" tests="1" name="qaAcademy.Practice_Maven.extentReports" time="6.610" errors="0" timestamp="2022-03-03T16:13:28 EST" skipped="0">
  <testcase classname="qaAcademy.Practice_Maven.extentReports" name="initialDemo" time="6.610"/>
  <system-out/>
</testsuite> <!-- qaAcademy.Practice_Maven.extentReports -->
